#
# There is insufficient memory for the Java Runtime Environment to continue.
# Native memory allocation (malloc) failed to allocate 32744 bytes for ChunkPool::allocate
# Possible reasons:
#   The system is out of physical RAM or swap space
#   In 32 bit mode, the process size limit was hit
# Possible solutions:
#   Reduce memory load on the system
#   Increase physical memory or swap space
#   Check if swap backing store is full
#   Use 64 bit Java on a 64 bit OS
#   Decrease Java heap size (-Xmx/-Xms)
#   Decrease number of Java threads
#   Decrease Java thread stack sizes (-Xss)
#   Set larger code cache with -XX:ReservedCodeCacheSize=
# This output file may be truncated or incomplete.
#
#  Out of Memory Error (allocation.cpp:273), pid=12124, tid=2248
#
# JRE version: Java(TM) SE Runtime Environment (8.0_45-b15) (build 1.8.0_45-b15)
# Java VM: Java HotSpot(TM) 64-Bit Server VM (25.45-b02 mixed mode windows-amd64 compressed oops)
# Failed to write core dump. Minidumps are not enabled by default on client versions of Windows
#

---------------  T H R E A D  ---------------

Current thread (0x0000000055c0f800):  JavaThread "C2 CompilerThread0" daemon [_thread_in_native, id=2248, stack(0x0000000056a30000,0x0000000056b30000)]

Stack: [0x0000000056a30000,0x0000000056b30000]
Native frames: (J=compiled Java code, j=interpreted, Vv=VM code, C=native code)
V  [jvm.dll+0x32b57a]


Current CompileTask:
C2:   5571  556       4       com.sun.tools.javac.file.ZipFileIndex$ZipDirectory::readEntry (587 bytes)


---------------  P R O C E S S  ---------------

Java Threads: ( => current thread )
  0x0000000055c6f000 JavaThread "Service Thread" daemon [_thread_blocked, id=8084, stack(0x0000000057530000,0x0000000057630000)]
  0x0000000055c67000 JavaThread "C1 CompilerThread1" daemon [_thread_blocked, id=12276, stack(0x0000000056fe0000,0x00000000570e0000)]
=>0x0000000055c0f800 JavaThread "C2 CompilerThread0" daemon [_thread_in_native, id=2248, stack(0x0000000056a30000,0x0000000056b30000)]
  0x0000000055c0d800 JavaThread "Attach Listener" daemon [_thread_blocked, id=11476, stack(0x0000000056d60000,0x0000000056e60000)]
  0x0000000055c0c800 JavaThread "Signal Dispatcher" daemon [_thread_blocked, id=6612, stack(0x0000000056b70000,0x0000000056c70000)]
  0x0000000055bb0800 JavaThread "Finalizer" daemon [_thread_blocked, id=4560, stack(0x00000000568f0000,0x00000000569f0000)]
  0x0000000055ba7800 JavaThread "Reference Handler" daemon [_thread_blocked, id=5056, stack(0x0000000056750000,0x0000000056850000)]
  0x0000000002303000 JavaThread "main" [_thread_in_Java, id=3684, stack(0x0000000002410000,0x0000000002510000)]

Other Threads:
  0x0000000055ba1800 VMThread [stack: 0x0000000056650000,0x0000000056750000] [id=2844]
  0x00000000570e0800 WatcherThread [stack: 0x00000000576f0000,0x00000000577f0000] [id=11800]

VM state:not at safepoint (normal execution)

VM Mutex/Monitor currently owned by a thread: None

Heap:
 PSYoungGen      total 13824K, used 1764K [0x00000000e3200000, 0x00000000e4100000, 0x0000000100000000)
  eden space 12288K, 1% used [0x00000000e3200000,0x00000000e323d028,0x00000000e3e00000)
  from space 1536K, 99% used [0x00000000e3e00000,0x00000000e3f7c310,0x00000000e3f80000)
  to   space 1536K, 0% used [0x00000000e3f80000,0x00000000e3f80000,0x00000000e4100000)
 ParOldGen       total 5632K, used 3042K [0x00000000a9600000, 0x00000000a9b80000, 0x00000000e3200000)
  object space 5632K, 54% used [0x00000000a9600000,0x00000000a98f89d8,0x00000000a9b80000)
 Metaspace       used 7481K, capacity 8244K, committed 8448K, reserved 1056768K
  class space    used 893K, capacity 944K, committed 1024K, reserved 1048576K

Card table byte_map: [0x0000000011ba0000,0x0000000011e60000] byte_map_base: 0x0000000011655000

Marking Bits: (ParMarkBitMap*) 0x0000000066f34040
 Begin Bits: [0x0000000012460000, 0x0000000013a08000)
 End Bits:   [0x0000000013a08000, 0x0000000014fb0000)

Polling page: 0x0000000000330000

CodeCache: size=245760Kb used=2879Kb max_used=2891Kb free=242880Kb
 bounds [0x00000000027e0000, 0x0000000002ac0000, 0x00000000117e0000]
 total_blobs=847 nmethods=555 adapters=206
 compilation: enabled

Compilation events (10 events):
Event: 5.176 Thread 0x0000000055c0f800 nmethod 551 0x0000000002a95cd0 code [0x0000000002a95e20, 0x0000000002a95fb8]
Event: 5.183 Thread 0x0000000055c67000  552       3       com.sun.tools.javac.file.ZipFileIndex$ZipDirectory::readEntry (587 bytes)
Event: 5.186 Thread 0x0000000055c0f800  555       4       java.util.HashMap::get (23 bytes)
Event: 5.187 Thread 0x0000000055c67000 nmethod 552 0x0000000002aaf4d0 code [0x0000000002aaf8c0, 0x0000000002ab18b8]
Event: 5.187 Thread 0x0000000055c67000  554       3       com.sun.tools.javac.file.ZipFileIndex$Entry::setNativeTime (6 bytes)
Event: 5.188 Thread 0x0000000055c67000 nmethod 554 0x0000000002a98b10 code [0x0000000002a98c60, 0x0000000002a98db0]
Event: 5.188 Thread 0x0000000055c67000  553       3       com.sun.tools.javac.file.ZipFileIndex::access$700 (6 bytes)
Event: 5.188 Thread 0x0000000055c67000 nmethod 553 0x0000000002a98750 code [0x0000000002a988c0, 0x0000000002a98a28]
Event: 5.196 Thread 0x0000000055c0f800 nmethod 555 0x0000000002a969d0 code [0x0000000002a96b40, 0x0000000002a96f18]
Event: 5.214 Thread 0x0000000055c0f800  556       4       com.sun.tools.javac.file.ZipFileIndex$ZipDirectory::readEntry (587 bytes)

GC Heap History (10 events):
Event: 1.372 GC heap before
{Heap before GC invocations=3 (full 0):
 PSYoungGen      total 3584K, used 3568K [0x00000000e3200000, 0x00000000e3600000, 0x0000000100000000)
  eden space 3072K, 100% used [0x00000000e3200000,0x00000000e3500000,0x00000000e3500000)
  from space 512K, 96% used [0x00000000e3580000,0x00000000e35fc030,0x00000000e3600000)
  to   space 512K, 0% used [0x00000000e3500000,0x00000000e3500000,0x00000000e3580000)
 ParOldGen       total 5632K, used 208K [0x00000000a9600000, 0x00000000a9b80000, 0x00000000e3200000)
  object space 5632K, 3% used [0x00000000a9600000,0x00000000a9634000,0x00000000a9b80000)
 Metaspace       used 4633K, capacity 5772K, committed 6016K, reserved 1056768K
  class space    used 559K, capacity 584K, committed 640K, reserved 1048576K
Event: 1.414 GC heap after
Heap after GC invocations=3 (full 0):
 PSYoungGen      total 3584K, used 496K [0x00000000e3200000, 0x00000000e3900000, 0x0000000100000000)
  eden space 3072K, 0% used [0x00000000e3200000,0x00000000e3200000,0x00000000e3500000)
  from space 512K, 96% used [0x00000000e3500000,0x00000000e357c010,0x00000000e3580000)
  to   space 512K, 0% used [0x00000000e3880000,0x00000000e3880000,0x00000000e3900000)
 ParOldGen       total 5632K, used 680K [0x00000000a9600000, 0x00000000a9b80000, 0x00000000e3200000)
  object space 5632K, 12% used [0x00000000a9600000,0x00000000a96aa070,0x00000000a9b80000)
 Metaspace       used 4633K, capacity 5772K, committed 6016K, reserved 1056768K
  class space    used 559K, capacity 584K, committed 640K, reserved 1048576K
}
Event: 1.858 GC heap before
{Heap before GC invocations=4 (full 0):
 PSYoungGen      total 3584K, used 3568K [0x00000000e3200000, 0x00000000e3900000, 0x0000000100000000)
  eden space 3072K, 100% used [0x00000000e3200000,0x00000000e3500000,0x00000000e3500000)
  from space 512K, 96% used [0x00000000e3500000,0x00000000e357c010,0x00000000e3580000)
  to   space 512K, 0% used [0x00000000e3880000,0x00000000e3880000,0x00000000e3900000)
 ParOldGen       total 5632K, used 680K [0x00000000a9600000, 0x00000000a9b80000, 0x00000000e3200000)
  object space 5632K, 12% used [0x00000000a9600000,0x00000000a96aa070,0x00000000a9b80000)
 Metaspace       used 5393K, capacity 6508K, committed 6656K, reserved 1056768K
  class space    used 667K, capacity 680K, committed 768K, reserved 1048576K
Event: 1.887 GC heap after
Heap after GC invocations=4 (full 0):
 PSYoungGen      total 6656K, used 496K [0x00000000e3200000, 0x00000000e3900000, 0x0000000100000000)
  eden space 6144K, 0% used [0x00000000e3200000,0x00000000e3200000,0x00000000e3800000)
  from space 512K, 96% used [0x00000000e3880000,0x00000000e38fc010,0x00000000e3900000)
  to   space 512K, 0% used [0x00000000e3800000,0x00000000e3800000,0x00000000e3880000)
 ParOldGen       total 5632K, used 776K [0x00000000a9600000, 0x00000000a9b80000, 0x00000000e3200000)
  object space 5632K, 13% used [0x00000000a9600000,0x00000000a96c2070,0x00000000a9b80000)
 Metaspace       used 5393K, capacity 6508K, committed 6656K, reserved 1056768K
  class space    used 667K, capacity 680K, committed 768K, reserved 1048576K
}
Event: 3.299 GC heap before
{Heap before GC invocations=5 (full 0):
 PSYoungGen      total 6656K, used 6631K [0x00000000e3200000, 0x00000000e3900000, 0x0000000100000000)
  eden space 6144K, 99% used [0x00000000e3200000,0x00000000e37fdf70,0x00000000e3800000)
  from space 512K, 96% used [0x00000000e3880000,0x00000000e38fc010,0x00000000e3900000)
  to   space 512K, 0% used [0x00000000e3800000,0x00000000e3800000,0x00000000e3880000)
 ParOldGen       total 5632K, used 776K [0x00000000a9600000, 0x00000000a9b80000, 0x00000000e3200000)
  object space 5632K, 13% used [0x00000000a9600000,0x00000000a96c2070,0x00000000a9b80000)
 Metaspace       used 6877K, capacity 7796K, committed 8064K, reserved 1056768K
  class space    used 848K, capacity 880K, committed 896K, reserved 1048576K
Event: 3.307 GC heap after
Heap after GC invocations=5 (full 0):
 PSYoungGen      total 6656K, used 512K [0x00000000e3200000, 0x00000000e4100000, 0x0000000100000000)
  eden space 6144K, 0% used [0x00000000e3200000,0x00000000e3200000,0x00000000e3800000)
  from space 512K, 100% used [0x00000000e3800000,0x00000000e3880000,0x00000000e3880000)
  to   space 1536K, 0% used [0x00000000e3f80000,0x00000000e3f80000,0x00000000e4100000)
 ParOldGen       total 5632K, used 1437K [0x00000000a9600000, 0x00000000a9b80000, 0x00000000e3200000)
  object space 5632K, 25% used [0x00000000a9600000,0x00000000a97677e0,0x00000000a9b80000)
 Metaspace       used 6877K, capacity 7796K, committed 8064K, reserved 1056768K
  class space    used 848K, capacity 880K, committed 896K, reserved 1048576K
}
Event: 3.351 GC heap before
{Heap before GC invocations=6 (full 0):
 PSYoungGen      total 6656K, used 6651K [0x00000000e3200000, 0x00000000e4100000, 0x0000000100000000)
  eden space 6144K, 99% used [0x00000000e3200000,0x00000000e37fef90,0x00000000e3800000)
  from space 512K, 100% used [0x00000000e3800000,0x00000000e3880000,0x00000000e3880000)
  to   space 1536K, 0% used [0x00000000e3f80000,0x00000000e3f80000,0x00000000e4100000)
 ParOldGen       total 5632K, used 1437K [0x00000000a9600000, 0x00000000a9b80000, 0x00000000e3200000)
  object space 5632K, 25% used [0x00000000a9600000,0x00000000a97677e0,0x00000000a9b80000)
 Metaspace       used 6877K, capacity 7796K, committed 8064K, reserved 1056768K
  class space    used 848K, capacity 880K, committed 896K, reserved 1048576K
Event: 3.370 GC heap after
Heap after GC invocations=6 (full 0):
 PSYoungGen      total 13824K, used 573K [0x00000000e3200000, 0x00000000e4100000, 0x0000000100000000)
  eden space 12288K, 0% used [0x00000000e3200000,0x00000000e3200000,0x00000000e3e00000)
  from space 1536K, 37% used [0x00000000e3f80000,0x00000000e400f7f8,0x00000000e4100000)
  to   space 1536K, 0% used [0x00000000e3e00000,0x00000000e3e00000,0x00000000e3f80000)
 ParOldGen       total 5632K, used 1437K [0x00000000a9600000, 0x00000000a9b80000, 0x00000000e3200000)
  object space 5632K, 25% used [0x00000000a9600000,0x00000000a97677e0,0x00000000a9b80000)
 Metaspace       used 6877K, capacity 7796K, committed 8064K, reserved 1056768K
  class space    used 848K, capacity 880K, committed 896K, reserved 1048576K
}
Event: 5.198 GC heap before
{Heap before GC invocations=7 (full 0):
 PSYoungGen      total 13824K, used 12861K [0x00000000e3200000, 0x00000000e4100000, 0x0000000100000000)
  eden space 12288K, 100% used [0x00000000e3200000,0x00000000e3e00000,0x00000000e3e00000)
  from space 1536K, 37% used [0x00000000e3f80000,0x00000000e400f7f8,0x00000000e4100000)
  to   space 1536K, 0% used [0x00000000e3e00000,0x00000000e3e00000,0x00000000e3f80000)
 ParOldGen       total 5632K, used 1437K [0x00000000a9600000, 0x00000000a9b80000, 0x00000000e3200000)
  object space 5632K, 25% used [0x00000000a9600000,0x00000000a97677e0,0x00000000a9b80000)
 Metaspace       used 7481K, capacity 8244K, committed 8448K, reserved 1056768K
  class space    used 893K, capacity 944K, committed 1024K, reserved 1048576K
Event: 5.212 GC heap after
Heap after GC invocations=7 (full 0):
 PSYoungGen      total 13824K, used 1520K [0x00000000e3200000, 0x00000000e4100000, 0x0000000100000000)
  eden space 12288K, 0% used [0x00000000e3200000,0x00000000e3200000,0x00000000e3e00000)
  from space 1536K, 99% used [0x00000000e3e00000,0x00000000e3f7c310,0x00000000e3f80000)
  to   space 1536K, 0% used [0x00000000e3f80000,0x00000000e3f80000,0x00000000e4100000)
 ParOldGen       total 5632K, used 3042K [0x00000000a9600000, 0x00000000a9b80000, 0x00000000e3200000)
  object space 5632K, 54% used [0x00000000a9600000,0x00000000a98f89d8,0x00000000a9b80000)
 Metaspace       used 7481K, capacity 8244K, committed 8448K, reserved 1056768K
  class space    used 893K, capacity 944K, committed 1024K, reserved 1048576K
}

Deoptimization events (3 events):
Event: 3.839 Thread 0x0000000002303000 Uncommon trap: reason=unstable_if action=reinterpret pc=0x0000000002925d3c method=java.lang.String.startsWith(Ljava/lang/String;I)Z @ 25
Event: 3.884 Thread 0x0000000002303000 Uncommon trap: reason=class_check action=maybe_recompile pc=0x00000000029872c8 method=sun.misc.URLClassPath.getLoader(I)Lsun/misc/URLClassPath$Loader; @ 94
Event: 5.182 Thread 0x0000000002303000 Uncommon trap: reason=unstable_if action=reinterpret pc=0x0000000002aaacc8 method=com.sun.tools.javac.file.ZipFileIndex$ZipDirectory.readEntry(ILjava/util/List;Ljava/util/Map;)I @ 56

Internal exceptions (8 events):
Event: 0.152 Thread 0x0000000002303000 Exception <a 'java/lang/NoSuchMethodError': Method sun.misc.Unsafe.defineClass(Ljava/lang/String;[BII)Ljava/lang/Class; name or signature does not match> (0x00000000e32184d0) thrown at [C:\re\workspace\8-2-build-windows-amd64-cygwin\jdk8u45\3627\hotspot\srÕ°"­‹‚Ã?
Event: 0.152 Thread 0x0000000002303000 Exception <a 'java/lang/NoSuchMethodError': Method sun.misc.Unsafe.prefetchRead(Ljava/lang/Object;J)V name or signature does not match> (0x00000000e3218760) thrown at [C:\re\workspace\8-2-build-windows-amd64-cygwin\jdk8u45\3627\hotspot\src\share\vm\prims\j¬Ghêtì?
Event: 0.877 Thread 0x0000000002303000 Exception <a 'java/security/PrivilegedActionException'> (0x00000000e3298400) thrown at [C:\re\workspace\8-2-build-windows-amd64-cygwin\jdk8u45\3627\hotspot\src\share\vm\prims\jvm.cpp, line 1382]
Event: 0.877 Thread 0x0000000002303000 Exception <a 'java/security/PrivilegedActionException'> (0x00000000e3298748) thrown at [C:\re\workspace\8-2-build-windows-amd64-cygwin\jdk8u45\3627\hotspot\src\share\vm\prims\jvm.cpp, line 1382]
Event: 0.878 Thread 0x0000000002303000 Exception <a 'java/security/PrivilegedActionException'> (0x00000000e329cd30) thrown at [C:\re\workspace\8-2-build-windows-amd64-cygwin\jdk8u45\3627\hotspot\src\share\vm\prims\jvm.cpp, line 1382]
Event: 0.878 Thread 0x0000000002303000 Exception <a 'java/security/PrivilegedActionException'> (0x00000000e329d078) thrown at [C:\re\workspace\8-2-build-windows-amd64-cygwin\jdk8u45\3627\hotspot\src\share\vm\prims\jvm.cpp, line 1382]
Event: 0.893 Thread 0x0000000002303000 Exception <a 'java/security/PrivilegedActionException'> (0x00000000e32da588) thrown at [C:\re\workspace\8-2-build-windows-amd64-cygwin\jdk8u45\3627\hotspot\src\share\vm\prims\jvm.cpp, line 1382]
Event: 0.893 Thread 0x0000000002303000 Exception <a 'java/security/PrivilegedActionException'> (0x00000000e32da8d0) thrown at [C:\re\workspace\8-2-build-windows-amd64-cygwin\jdk8u45\3627\hotspot\src\share\vm\prims\jvm.cpp, line 1382]

Events (10 events):
Event: 5.177 loading class java/lang/StringCoding$StringEncoder done
Event: 5.182 Thread 0x0000000002303000 Uncommon trap: trap_request=0xffffff65 fr.pc=0x0000000002aaacc8
Event: 5.182 Thread 0x0000000002303000 DEOPT PACKING pc=0x0000000002aaacc8 sp=0x000000000250e850
Event: 5.182 Thread 0x0000000002303000 DEOPT UNPACKING pc=0x000000000282582a sp=0x000000000250e8b0 mode 2
Event: 5.197 Thread 0x0000000002303000 DEOPT PACKING pc=0x0000000002ab13a7 sp=0x000000000250e800
Event: 5.197 Thread 0x0000000002303000 DEOPT UNPACKING pc=0x000000000282747f sp=0x000000000250e628 mode 0
Event: 5.198 Executing VM operation: ParallelGCFailedAllocation
Event: 5.212 Executing VM operation: ParallelGCFailedAllocation done
Event: 5.213 Thread 0x0000000002303000 DEOPT PACKING pc=0x0000000002ab13a7 sp=0x000000000250e800
Event: 5.213 Thread 0x0000000002303000 DEOPT UNPACKING pc=0x000000000282747f sp=0x000000000250e628 mode 0


Dynamic libraries:
0x000000013f150000 - 0x000000013f157000 	C:\Program Files (x86)\Java\jdk1.8.0_45\bin\javac.exe
0x00000000776c0000 - 0x0000000077869000 	C:\Windows\SYSTEM32\ntdll.dll
0x00000000774a0000 - 0x00000000775c0000 	C:\Windows\system32\kernel32.dll
0x000007fefd690000 - 0x000007fefd6fc000 	C:\Windows\system32\KERNELBASE.dll
0x000000006f690000 - 0x000000006f6bf000 	C:\Program Files (x86)\Java\jdk1.8.0_45\bin\jli.dll
0x000007fefe180000 - 0x000007fefe25b000 	C:\Windows\system32\ADVAPI32.dll
0x000007fefdfd0000 - 0x000007fefe06f000 	C:\Windows\system32\msvcrt.dll
0x000007fefe4e0000 - 0x000007fefe4ff000 	C:\Windows\SYSTEM32\sechost.dll
0x000007fefd820000 - 0x000007fefd94d000 	C:\Windows\system32\RPCRT4.dll
0x000007fefbe90000 - 0x000007fefc084000 	C:\Windows\WinSxS\amd64_microsoft.windows.common-controls_6595b64144ccf1df_6.0.7601.18837_none_fa3b1e3d17594757\COMCTL32.dll
0x000007fefdf60000 - 0x000007fefdfc7000 	C:\Windows\system32\GDI32.dll
0x00000000775c0000 - 0x00000000776ba000 	C:\Windows\system32\USER32.dll
0x000007fefe260000 - 0x000007fefe26e000 	C:\Windows\system32\LPK.dll
0x000007feff900000 - 0x000007feff9c9000 	C:\Windows\system32\USP10.dll
0x000007feff3b0000 - 0x000007feff421000 	C:\Windows\system32\SHLWAPI.dll
0x000000006be90000 - 0x000000006bf62000 	C:\Program Files (x86)\Java\jdk1.8.0_45\bin\MSVCR100.dll
0x000007fefdbb0000 - 0x000007fefdbde000 	C:\Windows\system32\IMM32.DLL
0x000007fefe070000 - 0x000007fefe179000 	C:\Windows\system32\MSCTF.dll
0x000000006f540000 - 0x000000006f612000 	C:\Program Files (x86)\Java\jdk1.8.0_45\jre\bin\msvcr100.dll
0x0000000066730000 - 0x0000000066fb3000 	C:\Program Files (x86)\Java\jdk1.8.0_45\jre\bin\server\jvm.dll
0x000007fefaf10000 - 0x000007fefaf19000 	C:\Windows\system32\WSOCK32.dll
0x000007fefdc40000 - 0x000007fefdc8d000 	C:\Windows\system32\WS2_32.dll
0x000007fefdb00000 - 0x000007fefdb08000 	C:\Windows\system32\NSI.dll
0x000007fefb9b0000 - 0x000007fefb9eb000 	C:\Windows\system32\WINMM.dll
0x000007fefc760000 - 0x000007fefc76c000 	C:\Windows\system32\VERSION.dll
0x0000000077890000 - 0x0000000077897000 	C:\Windows\system32\PSAPI.DLL
0x00000000732e0000 - 0x00000000732ef000 	C:\Program Files (x86)\Java\jdk1.8.0_45\jre\bin\verify.dll
0x00000000702e0000 - 0x0000000070309000 	C:\Program Files (x86)\Java\jdk1.8.0_45\jre\bin\java.dll
0x00000000715a0000 - 0x00000000715b6000 	C:\Program Files (x86)\Java\jdk1.8.0_45\jre\bin\zip.dll
0x000007fefe500000 - 0x000007feff289000 	C:\Windows\system32\SHELL32.dll
0x000007feff430000 - 0x000007feff633000 	C:\Windows\system32\ole32.dll
0x000007fefd470000 - 0x000007fefd47f000 	C:\Windows\system32\profapi.dll

VM Arguments:
jvm_args: -Dapplication.home=C:\Program Files (x86)\Java\jdk1.8.0_45 -Xms8m 
java_command: com.sun.tools.javac.Main -d C:\Users\VICTOR\Documents\NetBeansProjects\PruenaInsersion\build\classes -classpath C:\Users\VICTOR\Documents\NetBeansProjects\PruenaInsersion\build\classes;C:\Users\VICTOR\Documents\NetBeansProjects\PruenaInsersion\lib\antlr-2.7.7.jar;C:\Users\VICTOR\Documents\NetBeansProjects\PruenaInsersion\lib\classmate-0.5.4.jar;C:\Users\VICTOR\Documents\NetBeansProjects\PruenaInsersion\lib\commons-collections-3.2.1.jar;C:\Users\VICTOR\Documents\NetBeansProjects\PruenaInsersion\lib\dom4j-1.6.1.jar;C:\Users\VICTOR\Documents\NetBeansProjects\PruenaInsersion\lib\hibernate-commons-annotations-4.0.1.Final.jar;C:\Users\VICTOR\Documents\NetBeansProjects\PruenaInsersion\lib\hibernate-core-4.0.0.Final.jar;C:\Users\VICTOR\Documents\NetBeansProjects\PruenaInsersion\lib\hibernate-jpa-2.0-api-1.0.1.Final.jar;C:\Users\VICTOR\Documents\NetBeansProjects\PruenaInsersion\lib\jandex-1.0.3.Final.jar;C:\Users\VICTOR\Documents\NetBeansProjects\PruenaInsersion\lib\javassist-3.12.1.GA.jar;C:\Users\VICTOR\Documents\NetBeansProjects\PruenaInsersion\lib\jboss-logging-3.1.0.CR2.jar;C:\Users\VICTOR\Documents\NetBeansProjects\PruenaInsersion\lib\jboss-transaction-api_1.1_spec-1.0.0.Final.jar;C:\Users\VICTOR\Documents\NetBeansProjects\PruenaInsersion\lib\postgresql-42.2.3.jar;C:\Users\VICTOR\Documents\NetBeansProjects\PruenaInsersion\lib\hibernate4-support\antlr-2.7.7.jar;C:\Users\VICTOR\Documents\NetBeansProjects\PruenaInsersion\lib\hibernate4-support\c3p0-0.9.2.1.jar;C:\Users\VICTOR\Documents\NetBeansProjects\PruenaInsersion\lib\hibernate4-support\hibernate-c3p0-4.3.1.Final.jar;C:\Users\VICTOR\Documents\NetBeansProjects\PruenaInsersion\lib\hibernate4-support\mchange-commons-java-0.2.3.4.jar;C:\Users\VICTOR\Documents\NetBeansProjects\PruenaInsersion\lib\hibernate4-support\dom4j-1.6.1.jar;C:\Users\VICTOR\Documents\NetBeansProjects\PruenaInsersion\lib\hibernate4-support\ehcache-core-2.4.3.jar;C:\Users\VICTOR\Documents\NetBeansProjects\PruenaInsersion\lib\hibernate4-
java_class_path (initial): C:\Program Files (x86)\Java\jdk1.8.0_45/lib/tools.jar;C:\Program Files (x86)\Java\jdk1.8.0_45/classes
Launcher Type: SUN_STANDARD

Environment Variables:
PATH=C:\ProgramData\Oracle\Java\javapath;C:\Windows\system32;C:\Windows;C:\Windows\System32\Wbem;C:\Windows\System32\WindowsPowerShell\v1.0\;C:\Program Files (x86)\Intel\OpenCL SDK\2.0\bin\x86;C:\Program Files (x86)\Intel\OpenCL SDK\2.0\bin\x64;C:\Program Files (x86)\IVI Foundation\VISA\WinNT\Bin;C:\Program Files\Microsoft SQL Server\110\Tools\Binn\;C:\Program Files (x86)\Java\jdk1.8.0_45\bin;C:\Program Files\Microsoft\Web Platform Installer\;C:\Program Files\nodejs\;C:\Program Files\Git\cmd;C:\Program Files\Microsoft SQL Server\110\DTS\Binn\;C:\Program Files (x86)\Microsoft SQL Server\110\Tools\Binn\;C:\Program Files (x86)\Microsoft SQL Server\110\Tools\Binn\ManagementStudio\;C:\Program Files (x86)\Microsoft Visual Studio 10.0\Common7\IDE\PrivateAssemblies\;C:\Program Files (x86)\Microsoft SQL Server\110\DTS\Binn\;C:\Python27;C:\Users\VICTOR\AppData\Local\atom\bin;C:\Program Files\Microsoft VS Code\bin;C:\Users\VICTOR\AppData\Roaming\npm
USERNAME=VICTOR
OS=Windows_NT
PROCESSOR_IDENTIFIER=Intel64 Family 6 Model 42 Stepping 7, GenuineIntel



---------------  S Y S T E M  ---------------

OS: Windows 7 , 64 bit Build 7601 (6.1.7601.19018)

CPU:total 2 (2 cores per cpu, 1 threads per core) family 6 model 42 stepping 7, cmov, cx8, fxsr, mmx, sse, sse2, sse3, ssse3, sse4.1, sse4.2, popcnt, clmul, tsc, tscinvbit

Memory: 4k page, physical 5675292k(815168k free), swap 11964912k(4840k free)

vm_info: Java HotSpot(TM) 64-Bit Server VM (25.45-b02) for windows-amd64 JRE (1.8.0_45-b15), built on Apr 30 2015 12:40:44 by "java_re" with MS VC++ 10.0 (VS2010)

time: Wed Jul 18 14:37:55 2018
elapsed time: 5 seconds (0d 0h 0m 5s)

